<?xml version="1.0" encoding="UTF-8"?>
<!-- Generated by org.testng.reporters.JUnitReportReporter -->
<testsuite hostname="Hanna-PC" name="demoqastore.testproject.test.testsuite.TestOrderMagicMouse" tests="1" failures="0" timestamp="28 May 2018 13:43:48 GMT" time="81.966" errors="0">
  <testcase name="testBuyMagicMouse" time="81.966" classname="demoqastore.testproject.test.testsuite.TestOrderMagicMouse"/>
</testsuite> <!-- demoqastore.testproject.test.testsuite.TestOrderMagicMouse -->
